Analysis & Synthesis report for projeto1
Thu Oct 12 15:17:59 2023
Quartus Prime Version 20.1.0 Build 711 06/05/2020 SJ Lite Edition


---------------------
; Table of Contents ;
---------------------
  1. Legal Notice
  2. Analysis & Synthesis Summary
  3. Analysis & Synthesis Settings
  4. Parallel Compilation
  5. Analysis & Synthesis Source Files Read
  6. Analysis & Synthesis Resource Usage Summary
  7. Analysis & Synthesis Resource Utilization by Entity
  8. Registers Removed During Synthesis
  9. Removed Registers Triggering Further Register Optimizations
 10. General Register Statistics
 11. Parameter Settings for User Entity Instance: Top-level Entity: |projeto1
 12. Parameter Settings for User Entity Instance: memoriaROM:ROM1
 13. Parameter Settings for User Entity Instance: memoriaRAM:RAM1
 14. Parameter Settings for User Entity Instance: cpu:CPU
 15. Parameter Settings for User Entity Instance: cpu:CPU|muxGenerico2x1:Mux_EntradaB_ULA
 16. Parameter Settings for User Entity Instance: cpu:CPU|blocoRegistrador:Bloco_Reg
 17. Parameter Settings for User Entity Instance: cpu:CPU|blocoRegistrador:Bloco_Reg|registradorGenerico:REG0
 18. Parameter Settings for User Entity Instance: cpu:CPU|blocoRegistrador:Bloco_Reg|registradorGenerico:REG1
 19. Parameter Settings for User Entity Instance: cpu:CPU|blocoRegistrador:Bloco_Reg|registradorGenerico:REG2
 20. Parameter Settings for User Entity Instance: cpu:CPU|blocoRegistrador:Bloco_Reg|registradorGenerico:REG3
 21. Parameter Settings for User Entity Instance: cpu:CPU|blocoRegistrador:Bloco_Reg|muxGenerico4x1:MUX_DOUT
 22. Parameter Settings for User Entity Instance: cpu:CPU|registradorGenerico:PC
 23. Parameter Settings for User Entity Instance: cpu:CPU|registradorGenerico:Reg_Retorno
 24. Parameter Settings for User Entity Instance: cpu:CPU|somaConstante:incrementa_PC
 25. Parameter Settings for User Entity Instance: cpu:CPU|muxGenerico4x1:Mux_Prox_PC
 26. Parameter Settings for User Entity Instance: cpu:CPU|ULASomaSub:ULA
 27. Parameter Settings for User Entity Instance: registradorGenerico:RegisterVector
 28. Parameter Settings for User Entity Instance: registradorGenerico:RegisterHEX0
 29. Parameter Settings for User Entity Instance: registradorGenerico:RegisterHEX1
 30. Parameter Settings for User Entity Instance: registradorGenerico:RegisterHEX2
 31. Parameter Settings for User Entity Instance: registradorGenerico:RegisterHEX3
 32. Parameter Settings for User Entity Instance: registradorGenerico:RegisterHEX4
 33. Parameter Settings for User Entity Instance: registradorGenerico:RegisterHEX5
 34. Port Connectivity Checks: "FlipFlop:FlipFlop_Key1"
 35. Port Connectivity Checks: "FlipFlop:FlipFlop_Key0"
 36. Port Connectivity Checks: "conversorHex7Seg:HexDisplay5"
 37. Port Connectivity Checks: "registradorGenerico:RegisterHEX5"
 38. Port Connectivity Checks: "conversorHex7Seg:HexDisplay4"
 39. Port Connectivity Checks: "registradorGenerico:RegisterHEX4"
 40. Port Connectivity Checks: "conversorHex7Seg:HexDisplay3"
 41. Port Connectivity Checks: "registradorGenerico:RegisterHEX3"
 42. Port Connectivity Checks: "conversorHex7Seg:HexDisplay2"
 43. Port Connectivity Checks: "registradorGenerico:RegisterHEX2"
 44. Port Connectivity Checks: "conversorHex7Seg:HexDisplay1"
 45. Port Connectivity Checks: "registradorGenerico:RegisterHEX1"
 46. Port Connectivity Checks: "conversorHex7Seg:HexDisplay0"
 47. Port Connectivity Checks: "registradorGenerico:RegisterHEX0"
 48. Port Connectivity Checks: "registradorGenerico:RegisterVector"
 49. Port Connectivity Checks: "FlipFlop:FlipFlop8"
 50. Port Connectivity Checks: "FlipFlop:FlipFlop9"
 51. Port Connectivity Checks: "cpu:CPU|FlipFlop:Flag_Equal"
 52. Port Connectivity Checks: "cpu:CPU|muxGenerico4x1:Mux_Prox_PC"
 53. Port Connectivity Checks: "cpu:CPU|registradorGenerico:Reg_Retorno"
 54. Port Connectivity Checks: "cpu:CPU|registradorGenerico:PC"
 55. Port Connectivity Checks: "cpu:CPU|blocoRegistrador:Bloco_Reg|registradorGenerico:REG3"
 56. Port Connectivity Checks: "cpu:CPU|blocoRegistrador:Bloco_Reg|registradorGenerico:REG2"
 57. Port Connectivity Checks: "cpu:CPU|blocoRegistrador:Bloco_Reg|registradorGenerico:REG1"
 58. Port Connectivity Checks: "cpu:CPU|blocoRegistrador:Bloco_Reg|registradorGenerico:REG0"
 59. Port Connectivity Checks: "cpu:CPU|blocoRegistrador:Bloco_Reg"
 60. Port Connectivity Checks: "blockDecoder:DECODER1|decoder3x8:DEC_BLOCK"
 61. Port Connectivity Checks: "blockDecoder:DECODER1|decoder3x8:DEC_UNITY"
 62. Post-Synthesis Netlist Statistics for Top Partition
 63. Elapsed Time Per Partition
 64. Analysis & Synthesis Messages



----------------
; Legal Notice ;
----------------
Copyright (C) 2020  Intel Corporation. All rights reserved.
Your use of Intel Corporation's design tools, logic functions 
and other software and tools, and any partner logic 
functions, and any output files from any of the foregoing 
(including device programming or simulation files), and any 
associated documentation or information are expressly subject 
to the terms and conditions of the Intel Program License 
Subscription Agreement, the Intel Quartus Prime License Agreement,
the Intel FPGA IP License Agreement, or other applicable license
agreement, including, without limitation, that your use is for
the sole purpose of programming logic devices manufactured by
Intel and sold by Intel or its authorized distributors.  Please
refer to the applicable agreement for further details, at
https://fpgasoftware.intel.com/eula.



+-------------------------------------------------------------------------------+
; Analysis & Synthesis Summary                                                  ;
+---------------------------------+---------------------------------------------+
; Analysis & Synthesis Status     ; Successful - Thu Oct 12 15:17:59 2023       ;
; Quartus Prime Version           ; 20.1.0 Build 711 06/05/2020 SJ Lite Edition ;
; Revision Name                   ; projeto1                                    ;
; Top-level Entity Name           ; projeto1                                    ;
; Family                          ; Cyclone V                                   ;
; Logic utilization (in ALMs)     ; N/A                                         ;
; Total registers                 ; 8                                           ;
; Total pins                      ; 68                                          ;
; Total virtual pins              ; 0                                           ;
; Total block memory bits         ; 0                                           ;
; Total DSP Blocks                ; 0                                           ;
; Total HSSI RX PCSs              ; 0                                           ;
; Total HSSI PMA RX Deserializers ; 0                                           ;
; Total HSSI TX PCSs              ; 0                                           ;
; Total HSSI PMA TX Serializers   ; 0                                           ;
; Total PLLs                      ; 0                                           ;
; Total DLLs                      ; 0                                           ;
+---------------------------------+---------------------------------------------+


+---------------------------------------------------------------------------------------------------------------------------+
; Analysis & Synthesis Settings                                                                                             ;
+---------------------------------------------------------------------------------+--------------------+--------------------+
; Option                                                                          ; Setting            ; Default Value      ;
+---------------------------------------------------------------------------------+--------------------+--------------------+
; Device                                                                          ; 5CEBA4F23C7        ;                    ;
; Top-level entity name                                                           ; projeto1           ; projeto1           ;
; Family name                                                                     ; Cyclone V          ; Cyclone V          ;
; VHDL Show LMF Mapping Messages                                                  ; Off                ;                    ;
; VHDL Version                                                                    ; VHDL_2008          ; VHDL_1993          ;
; Use smart compilation                                                           ; Off                ; Off                ;
; Enable parallel Assembler and Timing Analyzer during compilation                ; On                 ; On                 ;
; Enable compact report table                                                     ; Off                ; Off                ;
; Restructure Multiplexers                                                        ; Auto               ; Auto               ;
; MLAB Add Timing Constraints For Mixed-Port Feed-Through Mode Setting Don't Care ; Off                ; Off                ;
; Create Debugging Nodes for IP Cores                                             ; Off                ; Off                ;
; Preserve fewer node names                                                       ; On                 ; On                 ;
; Intel FPGA IP Evaluation Mode                                                   ; Enable             ; Enable             ;
; Verilog Version                                                                 ; Verilog_2001       ; Verilog_2001       ;
; State Machine Processing                                                        ; Auto               ; Auto               ;
; Safe State Machine                                                              ; Off                ; Off                ;
; Extract Verilog State Machines                                                  ; On                 ; On                 ;
; Extract VHDL State Machines                                                     ; On                 ; On                 ;
; Ignore Verilog initial constructs                                               ; Off                ; Off                ;
; Iteration limit for constant Verilog loops                                      ; 5000               ; 5000               ;
; Iteration limit for non-constant Verilog loops                                  ; 250                ; 250                ;
; Add Pass-Through Logic to Inferred RAMs                                         ; On                 ; On                 ;
; Infer RAMs from Raw Logic                                                       ; On                 ; On                 ;
; Parallel Synthesis                                                              ; On                 ; On                 ;
; DSP Block Balancing                                                             ; Auto               ; Auto               ;
; NOT Gate Push-Back                                                              ; On                 ; On                 ;
; Power-Up Don't Care                                                             ; On                 ; On                 ;
; Remove Redundant Logic Cells                                                    ; Off                ; Off                ;
; Remove Duplicate Registers                                                      ; On                 ; On                 ;
; Ignore CARRY Buffers                                                            ; Off                ; Off                ;
; Ignore CASCADE Buffers                                                          ; Off                ; Off                ;
; Ignore GLOBAL Buffers                                                           ; Off                ; Off                ;
; Ignore ROW GLOBAL Buffers                                                       ; Off                ; Off                ;
; Ignore LCELL Buffers                                                            ; Off                ; Off                ;
; Ignore SOFT Buffers                                                             ; On                 ; On                 ;
; Limit AHDL Integers to 32 Bits                                                  ; Off                ; Off                ;
; Optimization Technique                                                          ; Balanced           ; Balanced           ;
; Carry Chain Length                                                              ; 70                 ; 70                 ;
; Auto Carry Chains                                                               ; On                 ; On                 ;
; Auto Open-Drain Pins                                                            ; On                 ; On                 ;
; Perform WYSIWYG Primitive Resynthesis                                           ; Off                ; Off                ;
; Auto ROM Replacement                                                            ; On                 ; On                 ;
; Auto RAM Replacement                                                            ; On                 ; On                 ;
; Auto DSP Block Replacement                                                      ; On                 ; On                 ;
; Auto Shift Register Replacement                                                 ; Auto               ; Auto               ;
; Allow Shift Register Merging across Hierarchies                                 ; Auto               ; Auto               ;
; Auto Clock Enable Replacement                                                   ; On                 ; On                 ;
; Strict RAM Replacement                                                          ; Off                ; Off                ;
; Allow Synchronous Control Signals                                               ; On                 ; On                 ;
; Force Use of Synchronous Clear Signals                                          ; Off                ; Off                ;
; Auto Resource Sharing                                                           ; Off                ; Off                ;
; Allow Any RAM Size For Recognition                                              ; Off                ; Off                ;
; Allow Any ROM Size For Recognition                                              ; Off                ; Off                ;
; Allow Any Shift Register Size For Recognition                                   ; Off                ; Off                ;
; Use LogicLock Constraints during Resource Balancing                             ; On                 ; On                 ;
; Ignore translate_off and synthesis_off directives                               ; Off                ; Off                ;
; Timing-Driven Synthesis                                                         ; On                 ; On                 ;
; Report Parameter Settings                                                       ; On                 ; On                 ;
; Report Source Assignments                                                       ; On                 ; On                 ;
; Report Connectivity Checks                                                      ; On                 ; On                 ;
; Ignore Maximum Fan-Out Assignments                                              ; Off                ; Off                ;
; Synchronization Register Chain Length                                           ; 3                  ; 3                  ;
; Power Optimization During Synthesis                                             ; Normal compilation ; Normal compilation ;
; HDL message level                                                               ; Level2             ; Level2             ;
; Suppress Register Optimization Related Messages                                 ; Off                ; Off                ;
; Number of Removed Registers Reported in Synthesis Report                        ; 5000               ; 5000               ;
; Number of Swept Nodes Reported in Synthesis Report                              ; 5000               ; 5000               ;
; Number of Inverted Registers Reported in Synthesis Report                       ; 100                ; 100                ;
; Clock MUX Protection                                                            ; On                 ; On                 ;
; Auto Gated Clock Conversion                                                     ; Off                ; Off                ;
; Block Design Naming                                                             ; Auto               ; Auto               ;
; SDC constraint protection                                                       ; Off                ; Off                ;
; Synthesis Effort                                                                ; Auto               ; Auto               ;
; Shift Register Replacement - Allow Asynchronous Clear Signal                    ; On                 ; On                 ;
; Pre-Mapping Resynthesis Optimization                                            ; Off                ; Off                ;
; Analysis & Synthesis Message Level                                              ; Medium             ; Medium             ;
; Disable Register Merging Across Hierarchies                                     ; Auto               ; Auto               ;
; Resource Aware Inference For Block RAM                                          ; On                 ; On                 ;
; Automatic Parallel Synthesis                                                    ; On                 ; On                 ;
; Partial Reconfiguration Bitstream ID                                            ; Off                ; Off                ;
+---------------------------------------------------------------------------------+--------------------+--------------------+


+------------------------------------------+
; Parallel Compilation                     ;
+----------------------------+-------------+
; Processors                 ; Number      ;
+----------------------------+-------------+
; Number detected on machine ; 8           ;
; Maximum allowed            ; 4           ;
;                            ;             ;
; Average used               ; 1.00        ;
; Maximum used               ; 4           ;
;                            ;             ;
; Usage by Processor         ; % Time Used ;
;     Processor 1            ; 100.0%      ;
;     Processor 2            ;   0.0%      ;
;     Processors 3-4         ;   0.0%      ;
+----------------------------+-------------+


+--------------------------------------------------------------------------------------------------------------------------------------------------------+
; Analysis & Synthesis Source Files Read                                                                                                                 ;
+----------------------------------+-----------------+-----------------+-----------------------------------------------------------------------+---------+
; File Name with User-Entered Path ; Used in Netlist ; File Type       ; File Name with Absolute Path                                          ; Library ;
+----------------------------------+-----------------+-----------------+-----------------------------------------------------------------------+---------+
; projeto1.vhd                     ; yes             ; User VHDL File  ; /home/victor/insper/6-sem/descomp/projeto1/projeto1.vhd               ;         ;
; cpu.vhd                          ; yes             ; User VHDL File  ; /home/victor/insper/6-sem/descomp/projeto1/cpu.vhd                    ;         ;
; ULASomaSub.vhd                   ; yes             ; User VHDL File  ; /home/victor/insper/6-sem/descomp/projeto1/ULASomaSub.vhd             ;         ;
; somaConstante.vhd                ; yes             ; User VHDL File  ; /home/victor/insper/6-sem/descomp/projeto1/somaConstante.vhd          ;         ;
; decoderGeneric.vhd               ; yes             ; User VHDL File  ; /home/victor/insper/6-sem/descomp/projeto1/decoderGeneric.vhd         ;         ;
; muxGenerico4x1.vhd               ; yes             ; User VHDL File  ; /home/victor/insper/6-sem/descomp/projeto1/muxGenerico4x1.vhd         ;         ;
; logicaDesvio.vhd                 ; yes             ; User VHDL File  ; /home/victor/insper/6-sem/descomp/projeto1/logicaDesvio.vhd           ;         ;
; muxGenerico2x1.vhd               ; yes             ; User VHDL File  ; /home/victor/insper/6-sem/descomp/projeto1/muxGenerico2x1.vhd         ;         ;
; registradorGenerico.vhd          ; yes             ; User VHDL File  ; /home/victor/insper/6-sem/descomp/projeto1/registradorGenerico.vhd    ;         ;
; edgeDetector.vhd                 ; yes             ; User VHDL File  ; /home/victor/insper/6-sem/descomp/projeto1/edgeDetector.vhd           ;         ;
; buffer_3_state_8portas.vhd       ; yes             ; User VHDL File  ; /home/victor/insper/6-sem/descomp/projeto1/buffer_3_state_8portas.vhd ;         ;
; conversorHex7Seg.vhd             ; yes             ; User VHDL File  ; /home/victor/insper/6-sem/descomp/projeto1/conversorHex7Seg.vhd       ;         ;
; decoder3x8.vhd                   ; yes             ; User VHDL File  ; /home/victor/insper/6-sem/descomp/projeto1/decoder3x8.vhd             ;         ;
; memoriaRAM.vhd                   ; yes             ; User VHDL File  ; /home/victor/insper/6-sem/descomp/projeto1/memoriaRAM.vhd             ;         ;
; blockDecoder.vhd                 ; yes             ; User VHDL File  ; /home/victor/insper/6-sem/descomp/projeto1/blockDecoder.vhd           ;         ;
; memoriaROM.vhd                   ; yes             ; User VHDL File  ; /home/victor/insper/6-sem/descomp/projeto1/memoriaROM.vhd             ;         ;
; flipflop.vhd                     ; yes             ; User VHDL File  ; /home/victor/insper/6-sem/descomp/projeto1/flipflop.vhd               ;         ;
; blocoRegistrador.vhd             ; yes             ; User VHDL File  ; /home/victor/insper/6-sem/descomp/projeto1/blocoRegistrador.vhd       ;         ;
+----------------------------------+-----------------+-----------------+-----------------------------------------------------------------------+---------+


+--------------------------------------------------------------------------------------+
; Analysis & Synthesis Resource Usage Summary                                          ;
+---------------------------------------------+----------------------------------------+
; Resource                                    ; Usage                                  ;
+---------------------------------------------+----------------------------------------+
; Estimate of Logic utilization (ALMs needed) ; 11                                     ;
;                                             ;                                        ;
; Combinational ALUT usage for logic          ; 22                                     ;
;     -- 7 input functions                    ; 0                                      ;
;     -- 6 input functions                    ; 0                                      ;
;     -- 5 input functions                    ; 0                                      ;
;     -- 4 input functions                    ; 14                                     ;
;     -- <=3 input functions                  ; 8                                      ;
;                                             ;                                        ;
; Dedicated logic registers                   ; 8                                      ;
;                                             ;                                        ;
; I/O pins                                    ; 68                                     ;
;                                             ;                                        ;
; Total DSP Blocks                            ; 0                                      ;
;                                             ;                                        ;
; Maximum fan-out node                        ; cpu:CPU|registradorGenerico:PC|DOUT[0] ;
; Maximum fan-out                             ; 8                                      ;
; Total fan-out                               ; 177                                    ;
; Average fan-out                             ; 1.07                                   ;
+---------------------------------------------+----------------------------------------+


+-----------------------------------------------------------------------------------------------------------------------------------------------------------------------------------------------------------------------------------+
; Analysis & Synthesis Resource Utilization by Entity                                                                                                                                                                               ;
+-------------------------------------+---------------------+---------------------------+-------------------+------------+------+--------------+-----------------------------------------------+---------------------+--------------+
; Compilation Hierarchy Node          ; Combinational ALUTs ; Dedicated Logic Registers ; Block Memory Bits ; DSP Blocks ; Pins ; Virtual Pins ; Full Hierarchy Name                           ; Entity Name         ; Library Name ;
+-------------------------------------+---------------------+---------------------------+-------------------+------------+------+--------------+-----------------------------------------------+---------------------+--------------+
; |projeto1                           ; 22 (0)              ; 8 (0)                     ; 0                 ; 0          ; 68   ; 0            ; |projeto1                                     ; projeto1            ; work         ;
;    |conversorHex7Seg:HexDisplay4|   ; 7 (7)               ; 0 (0)                     ; 0                 ; 0          ; 0    ; 0            ; |projeto1|conversorHex7Seg:HexDisplay4        ; conversorHex7Seg    ; work         ;
;    |conversorHex7Seg:HexDisplay5|   ; 7 (7)               ; 0 (0)                     ; 0                 ; 0          ; 0    ; 0            ; |projeto1|conversorHex7Seg:HexDisplay5        ; conversorHex7Seg    ; work         ;
;    |cpu:CPU|                        ; 8 (0)               ; 8 (0)                     ; 0                 ; 0          ; 0    ; 0            ; |projeto1|cpu:CPU                             ; cpu                 ; work         ;
;       |registradorGenerico:PC|      ; 0 (0)               ; 8 (8)                     ; 0                 ; 0          ; 0    ; 0            ; |projeto1|cpu:CPU|registradorGenerico:PC      ; registradorGenerico ; work         ;
;       |somaConstante:incrementa_PC| ; 8 (8)               ; 0 (0)                     ; 0                 ; 0          ; 0    ; 0            ; |projeto1|cpu:CPU|somaConstante:incrementa_PC ; somaConstante       ; work         ;
+-------------------------------------+---------------------+---------------------------+-------------------+------------+------+--------------+-----------------------------------------------+---------------------+--------------+
Note: For table entries with two numbers listed, the numbers in parentheses indicate the number of resources of the given type used by the specific entity alone. The numbers listed outside of parentheses indicate the total resources of the given type used by the specific entity and all of its sub-entities in the hierarchy.


+----------------------------------------------------------------------------------------------------------------------+
; Registers Removed During Synthesis                                                                                   ;
+------------------------------------------------------------------------+---------------------------------------------+
; Register name                                                          ; Reason for Removal                          ;
+------------------------------------------------------------------------+---------------------------------------------+
; cpu:CPU|blocoRegistrador:Bloco_Reg|registradorGenerico:REG2|DOUT[0..7] ; Stuck at GND due to stuck port clock_enable ;
; cpu:CPU|blocoRegistrador:Bloco_Reg|registradorGenerico:REG1|DOUT[0..7] ; Stuck at GND due to stuck port clock_enable ;
; cpu:CPU|FlipFlop:Flag_Equal|DOUT                                       ; Lost fanout                                 ;
; cpu:CPU|registradorGenerico:Reg_Retorno|DOUT[0..8]                     ; Stuck at GND due to stuck port clock_enable ;
; cpu:CPU|blocoRegistrador:Bloco_Reg|registradorGenerico:REG0|DOUT[0..7] ; Stuck at GND due to stuck port clock_enable ;
; FlipFlop:FlipFlop_Key0|DOUT                                            ; Lost fanout                                 ;
; edgeDetector:detectorKey0|saidaQ                                       ; Lost fanout                                 ;
; FlipFlop:FlipFlop_Key1|DOUT                                            ; Lost fanout                                 ;
; edgeDetector:detectorKey1|saidaQ                                       ; Lost fanout                                 ;
; registradorGenerico:RegisterHEX3|DOUT[0..3]                            ; Stuck at GND due to stuck port clock_enable ;
; registradorGenerico:RegisterHEX2|DOUT[0..3]                            ; Stuck at GND due to stuck port clock_enable ;
; registradorGenerico:RegisterHEX1|DOUT[0..3]                            ; Stuck at GND due to stuck port clock_enable ;
; registradorGenerico:RegisterHEX0|DOUT[0..3]                            ; Stuck at GND due to stuck port clock_enable ;
; registradorGenerico:RegisterVector|DOUT[0..7]                          ; Stuck at GND due to stuck port clock_enable ;
; FlipFlop:FlipFlop8|DOUT                                                ; Stuck at GND due to stuck port clock_enable ;
; FlipFlop:FlipFlop9|DOUT                                                ; Stuck at GND due to stuck port clock_enable ;
; cpu:CPU|registradorGenerico:PC|DOUT[8]                                 ; Lost fanout                                 ;
; Total Number of Removed Registers = 65                                 ;                                             ;
+------------------------------------------------------------------------+---------------------------------------------+


+--------------------------------------------------------------------------------------------------------------------------------------------------------------------------------------------+
; Removed Registers Triggering Further Register Optimizations                                                                                                                                ;
+---------------------------------------------------------------------+--------------------------------+-------------------------------------------------------------------------------------+
; Register name                                                       ; Reason for Removal             ; Registers Removed due to This Register                                              ;
+---------------------------------------------------------------------+--------------------------------+-------------------------------------------------------------------------------------+
; cpu:CPU|blocoRegistrador:Bloco_Reg|registradorGenerico:REG0|DOUT[0] ; Stuck at GND                   ; registradorGenerico:RegisterHEX3|DOUT[0], registradorGenerico:RegisterHEX2|DOUT[0], ;
;                                                                     ; due to stuck port clock_enable ; registradorGenerico:RegisterHEX1|DOUT[0], registradorGenerico:RegisterHEX0|DOUT[0], ;
;                                                                     ;                                ; registradorGenerico:RegisterVector|DOUT[0], FlipFlop:FlipFlop8|DOUT,                ;
;                                                                     ;                                ; FlipFlop:FlipFlop9|DOUT                                                             ;
; cpu:CPU|blocoRegistrador:Bloco_Reg|registradorGenerico:REG0|DOUT[3] ; Stuck at GND                   ; registradorGenerico:RegisterHEX3|DOUT[3], registradorGenerico:RegisterHEX2|DOUT[3], ;
;                                                                     ; due to stuck port clock_enable ; registradorGenerico:RegisterHEX1|DOUT[3], registradorGenerico:RegisterHEX0|DOUT[3], ;
;                                                                     ;                                ; registradorGenerico:RegisterVector|DOUT[3]                                          ;
; cpu:CPU|blocoRegistrador:Bloco_Reg|registradorGenerico:REG0|DOUT[2] ; Stuck at GND                   ; registradorGenerico:RegisterHEX3|DOUT[2], registradorGenerico:RegisterHEX2|DOUT[2], ;
;                                                                     ; due to stuck port clock_enable ; registradorGenerico:RegisterHEX1|DOUT[2], registradorGenerico:RegisterHEX0|DOUT[2], ;
;                                                                     ;                                ; registradorGenerico:RegisterVector|DOUT[2]                                          ;
; cpu:CPU|blocoRegistrador:Bloco_Reg|registradorGenerico:REG0|DOUT[1] ; Stuck at GND                   ; registradorGenerico:RegisterHEX3|DOUT[1], registradorGenerico:RegisterHEX2|DOUT[1], ;
;                                                                     ; due to stuck port clock_enable ; registradorGenerico:RegisterHEX1|DOUT[1], registradorGenerico:RegisterHEX0|DOUT[1], ;
;                                                                     ;                                ; registradorGenerico:RegisterVector|DOUT[1]                                          ;
; cpu:CPU|blocoRegistrador:Bloco_Reg|registradorGenerico:REG0|DOUT[7] ; Stuck at GND                   ; registradorGenerico:RegisterVector|DOUT[7]                                          ;
;                                                                     ; due to stuck port clock_enable ;                                                                                     ;
; cpu:CPU|blocoRegistrador:Bloco_Reg|registradorGenerico:REG0|DOUT[6] ; Stuck at GND                   ; registradorGenerico:RegisterVector|DOUT[6]                                          ;
;                                                                     ; due to stuck port clock_enable ;                                                                                     ;
; cpu:CPU|blocoRegistrador:Bloco_Reg|registradorGenerico:REG0|DOUT[5] ; Stuck at GND                   ; registradorGenerico:RegisterVector|DOUT[5]                                          ;
;                                                                     ; due to stuck port clock_enable ;                                                                                     ;
; cpu:CPU|blocoRegistrador:Bloco_Reg|registradorGenerico:REG0|DOUT[4] ; Stuck at GND                   ; registradorGenerico:RegisterVector|DOUT[4]                                          ;
;                                                                     ; due to stuck port clock_enable ;                                                                                     ;
; FlipFlop:FlipFlop_Key0|DOUT                                         ; Lost Fanouts                   ; edgeDetector:detectorKey0|saidaQ                                                    ;
; FlipFlop:FlipFlop_Key1|DOUT                                         ; Lost Fanouts                   ; edgeDetector:detectorKey1|saidaQ                                                    ;
+---------------------------------------------------------------------+--------------------------------+-------------------------------------------------------------------------------------+


+------------------------------------------------------+
; General Register Statistics                          ;
+----------------------------------------------+-------+
; Statistic                                    ; Value ;
+----------------------------------------------+-------+
; Total registers                              ; 8     ;
; Number of registers using Synchronous Clear  ; 0     ;
; Number of registers using Synchronous Load   ; 0     ;
; Number of registers using Asynchronous Clear ; 8     ;
; Number of registers using Asynchronous Load  ; 0     ;
; Number of registers using Clock Enable       ; 0     ;
; Number of registers using Preset             ; 0     ;
+----------------------------------------------+-------+


+--------------------------------------------------------------------------+
; Parameter Settings for User Entity Instance: Top-level Entity: |projeto1 ;
+------------------+-------+-----------------------------------------------+
; Parameter Name   ; Value ; Type                                          ;
+------------------+-------+-----------------------------------------------+
; dataWidth        ; 8     ; Signed Integer                                ;
; addrWidth        ; 9     ; Signed Integer                                ;
; instructionWidth ; 15    ; Signed Integer                                ;
; simulacao        ; true  ; Enumerated                                    ;
+------------------+-------+-----------------------------------------------+
Note: In order to hide this table in the UI and the text report file, please set the "Show Parameter Settings in Synthesis Report" option in "Analysis and Synthesis Settings -> More Settings" to "Off".


+--------------------------------------------------------------+
; Parameter Settings for User Entity Instance: memoriaROM:ROM1 ;
+----------------+-------+-------------------------------------+
; Parameter Name ; Value ; Type                                ;
+----------------+-------+-------------------------------------+
; datawidth      ; 15    ; Signed Integer                      ;
; addrwidth      ; 9     ; Signed Integer                      ;
+----------------+-------+-------------------------------------+
Note: In order to hide this table in the UI and the text report file, please set the "Show Parameter Settings in Synthesis Report" option in "Analysis and Synthesis Settings -> More Settings" to "Off".


+--------------------------------------------------------------+
; Parameter Settings for User Entity Instance: memoriaRAM:RAM1 ;
+----------------+-------+-------------------------------------+
; Parameter Name ; Value ; Type                                ;
+----------------+-------+-------------------------------------+
; datawidth      ; 8     ; Signed Integer                      ;
; addrwidth      ; 6     ; Signed Integer                      ;
+----------------+-------+-------------------------------------+
Note: In order to hide this table in the UI and the text report file, please set the "Show Parameter Settings in Synthesis Report" option in "Analysis and Synthesis Settings -> More Settings" to "Off".


+------------------------------------------------------+
; Parameter Settings for User Entity Instance: cpu:CPU ;
+------------------+-------+---------------------------+
; Parameter Name   ; Value ; Type                      ;
+------------------+-------+---------------------------+
; datawidth        ; 8     ; Signed Integer            ;
; addrwidth        ; 9     ; Signed Integer            ;
; instructionwidth ; 15    ; Signed Integer            ;
+------------------+-------+---------------------------+
Note: In order to hide this table in the UI and the text report file, please set the "Show Parameter Settings in Synthesis Report" option in "Analysis and Synthesis Settings -> More Settings" to "Off".


+--------------------------------------------------------------------------------------+
; Parameter Settings for User Entity Instance: cpu:CPU|muxGenerico2x1:Mux_EntradaB_ULA ;
+----------------+-------+-------------------------------------------------------------+
; Parameter Name ; Value ; Type                                                        ;
+----------------+-------+-------------------------------------------------------------+
; larguradados   ; 8     ; Signed Integer                                              ;
+----------------+-------+-------------------------------------------------------------+
Note: In order to hide this table in the UI and the text report file, please set the "Show Parameter Settings in Synthesis Report" option in "Analysis and Synthesis Settings -> More Settings" to "Off".


+---------------------------------------------------------------------------------+
; Parameter Settings for User Entity Instance: cpu:CPU|blocoRegistrador:Bloco_Reg ;
+----------------+-------+--------------------------------------------------------+
; Parameter Name ; Value ; Type                                                   ;
+----------------+-------+--------------------------------------------------------+
; larguradados   ; 8     ; Signed Integer                                         ;
+----------------+-------+--------------------------------------------------------+
Note: In order to hide this table in the UI and the text report file, please set the "Show Parameter Settings in Synthesis Report" option in "Analysis and Synthesis Settings -> More Settings" to "Off".


+----------------------------------------------------------------------------------------------------------+
; Parameter Settings for User Entity Instance: cpu:CPU|blocoRegistrador:Bloco_Reg|registradorGenerico:REG0 ;
+----------------+-------+---------------------------------------------------------------------------------+
; Parameter Name ; Value ; Type                                                                            ;
+----------------+-------+---------------------------------------------------------------------------------+
; larguradados   ; 8     ; Signed Integer                                                                  ;
+----------------+-------+---------------------------------------------------------------------------------+
Note: In order to hide this table in the UI and the text report file, please set the "Show Parameter Settings in Synthesis Report" option in "Analysis and Synthesis Settings -> More Settings" to "Off".


+----------------------------------------------------------------------------------------------------------+
; Parameter Settings for User Entity Instance: cpu:CPU|blocoRegistrador:Bloco_Reg|registradorGenerico:REG1 ;
+----------------+-------+---------------------------------------------------------------------------------+
; Parameter Name ; Value ; Type                                                                            ;
+----------------+-------+---------------------------------------------------------------------------------+
; larguradados   ; 8     ; Signed Integer                                                                  ;
+----------------+-------+---------------------------------------------------------------------------------+
Note: In order to hide this table in the UI and the text report file, please set the "Show Parameter Settings in Synthesis Report" option in "Analysis and Synthesis Settings -> More Settings" to "Off".


+----------------------------------------------------------------------------------------------------------+
; Parameter Settings for User Entity Instance: cpu:CPU|blocoRegistrador:Bloco_Reg|registradorGenerico:REG2 ;
+----------------+-------+---------------------------------------------------------------------------------+
; Parameter Name ; Value ; Type                                                                            ;
+----------------+-------+---------------------------------------------------------------------------------+
; larguradados   ; 8     ; Signed Integer                                                                  ;
+----------------+-------+---------------------------------------------------------------------------------+
Note: In order to hide this table in the UI and the text report file, please set the "Show Parameter Settings in Synthesis Report" option in "Analysis and Synthesis Settings -> More Settings" to "Off".


+----------------------------------------------------------------------------------------------------------+
; Parameter Settings for User Entity Instance: cpu:CPU|blocoRegistrador:Bloco_Reg|registradorGenerico:REG3 ;
+----------------+-------+---------------------------------------------------------------------------------+
; Parameter Name ; Value ; Type                                                                            ;
+----------------+-------+---------------------------------------------------------------------------------+
; larguradados   ; 8     ; Signed Integer                                                                  ;
+----------------+-------+---------------------------------------------------------------------------------+
Note: In order to hide this table in the UI and the text report file, please set the "Show Parameter Settings in Synthesis Report" option in "Analysis and Synthesis Settings -> More Settings" to "Off".


+---------------------------------------------------------------------------------------------------------+
; Parameter Settings for User Entity Instance: cpu:CPU|blocoRegistrador:Bloco_Reg|muxGenerico4x1:MUX_DOUT ;
+----------------+-------+--------------------------------------------------------------------------------+
; Parameter Name ; Value ; Type                                                                           ;
+----------------+-------+--------------------------------------------------------------------------------+
; larguradados   ; 8     ; Signed Integer                                                                 ;
+----------------+-------+--------------------------------------------------------------------------------+
Note: In order to hide this table in the UI and the text report file, please set the "Show Parameter Settings in Synthesis Report" option in "Analysis and Synthesis Settings -> More Settings" to "Off".


+-----------------------------------------------------------------------------+
; Parameter Settings for User Entity Instance: cpu:CPU|registradorGenerico:PC ;
+----------------+-------+----------------------------------------------------+
; Parameter Name ; Value ; Type                                               ;
+----------------+-------+----------------------------------------------------+
; larguradados   ; 9     ; Signed Integer                                     ;
+----------------+-------+----------------------------------------------------+
Note: In order to hide this table in the UI and the text report file, please set the "Show Parameter Settings in Synthesis Report" option in "Analysis and Synthesis Settings -> More Settings" to "Off".


+--------------------------------------------------------------------------------------+
; Parameter Settings for User Entity Instance: cpu:CPU|registradorGenerico:Reg_Retorno ;
+----------------+-------+-------------------------------------------------------------+
; Parameter Name ; Value ; Type                                                        ;
+----------------+-------+-------------------------------------------------------------+
; larguradados   ; 9     ; Signed Integer                                              ;
+----------------+-------+-------------------------------------------------------------+
Note: In order to hide this table in the UI and the text report file, please set the "Show Parameter Settings in Synthesis Report" option in "Analysis and Synthesis Settings -> More Settings" to "Off".


+----------------------------------------------------------------------------------+
; Parameter Settings for User Entity Instance: cpu:CPU|somaConstante:incrementa_PC ;
+----------------+-------+---------------------------------------------------------+
; Parameter Name ; Value ; Type                                                    ;
+----------------+-------+---------------------------------------------------------+
; larguradados   ; 9     ; Signed Integer                                          ;
; constante      ; 1     ; Signed Integer                                          ;
+----------------+-------+---------------------------------------------------------+
Note: In order to hide this table in the UI and the text report file, please set the "Show Parameter Settings in Synthesis Report" option in "Analysis and Synthesis Settings -> More Settings" to "Off".


+---------------------------------------------------------------------------------+
; Parameter Settings for User Entity Instance: cpu:CPU|muxGenerico4x1:Mux_Prox_PC ;
+----------------+-------+--------------------------------------------------------+
; Parameter Name ; Value ; Type                                                   ;
+----------------+-------+--------------------------------------------------------+
; larguradados   ; 9     ; Signed Integer                                         ;
+----------------+-------+--------------------------------------------------------+
Note: In order to hide this table in the UI and the text report file, please set the "Show Parameter Settings in Synthesis Report" option in "Analysis and Synthesis Settings -> More Settings" to "Off".


+---------------------------------------------------------------------+
; Parameter Settings for User Entity Instance: cpu:CPU|ULASomaSub:ULA ;
+----------------+-------+--------------------------------------------+
; Parameter Name ; Value ; Type                                       ;
+----------------+-------+--------------------------------------------+
; larguradados   ; 8     ; Signed Integer                             ;
+----------------+-------+--------------------------------------------+
Note: In order to hide this table in the UI and the text report file, please set the "Show Parameter Settings in Synthesis Report" option in "Analysis and Synthesis Settings -> More Settings" to "Off".


+---------------------------------------------------------------------------------+
; Parameter Settings for User Entity Instance: registradorGenerico:RegisterVector ;
+----------------+-------+--------------------------------------------------------+
; Parameter Name ; Value ; Type                                                   ;
+----------------+-------+--------------------------------------------------------+
; larguradados   ; 8     ; Signed Integer                                         ;
+----------------+-------+--------------------------------------------------------+
Note: In order to hide this table in the UI and the text report file, please set the "Show Parameter Settings in Synthesis Report" option in "Analysis and Synthesis Settings -> More Settings" to "Off".


+-------------------------------------------------------------------------------+
; Parameter Settings for User Entity Instance: registradorGenerico:RegisterHEX0 ;
+----------------+-------+------------------------------------------------------+
; Parameter Name ; Value ; Type                                                 ;
+----------------+-------+------------------------------------------------------+
; larguradados   ; 4     ; Signed Integer                                       ;
+----------------+-------+------------------------------------------------------+
Note: In order to hide this table in the UI and the text report file, please set the "Show Parameter Settings in Synthesis Report" option in "Analysis and Synthesis Settings -> More Settings" to "Off".


+-------------------------------------------------------------------------------+
; Parameter Settings for User Entity Instance: registradorGenerico:RegisterHEX1 ;
+----------------+-------+------------------------------------------------------+
; Parameter Name ; Value ; Type                                                 ;
+----------------+-------+------------------------------------------------------+
; larguradados   ; 4     ; Signed Integer                                       ;
+----------------+-------+------------------------------------------------------+
Note: In order to hide this table in the UI and the text report file, please set the "Show Parameter Settings in Synthesis Report" option in "Analysis and Synthesis Settings -> More Settings" to "Off".


+-------------------------------------------------------------------------------+
; Parameter Settings for User Entity Instance: registradorGenerico:RegisterHEX2 ;
+----------------+-------+------------------------------------------------------+
; Parameter Name ; Value ; Type                                                 ;
+----------------+-------+------------------------------------------------------+
; larguradados   ; 4     ; Signed Integer                                       ;
+----------------+-------+------------------------------------------------------+
Note: In order to hide this table in the UI and the text report file, please set the "Show Parameter Settings in Synthesis Report" option in "Analysis and Synthesis Settings -> More Settings" to "Off".


+-------------------------------------------------------------------------------+
; Parameter Settings for User Entity Instance: registradorGenerico:RegisterHEX3 ;
+----------------+-------+------------------------------------------------------+
; Parameter Name ; Value ; Type                                                 ;
+----------------+-------+------------------------------------------------------+
; larguradados   ; 4     ; Signed Integer                                       ;
+----------------+-------+------------------------------------------------------+
Note: In order to hide this table in the UI and the text report file, please set the "Show Parameter Settings in Synthesis Report" option in "Analysis and Synthesis Settings -> More Settings" to "Off".


+-------------------------------------------------------------------------------+
; Parameter Settings for User Entity Instance: registradorGenerico:RegisterHEX4 ;
+----------------+-------+------------------------------------------------------+
; Parameter Name ; Value ; Type                                                 ;
+----------------+-------+------------------------------------------------------+
; larguradados   ; 4     ; Signed Integer                                       ;
+----------------+-------+------------------------------------------------------+
Note: In order to hide this table in the UI and the text report file, please set the "Show Parameter Settings in Synthesis Report" option in "Analysis and Synthesis Settings -> More Settings" to "Off".


+-------------------------------------------------------------------------------+
; Parameter Settings for User Entity Instance: registradorGenerico:RegisterHEX5 ;
+----------------+-------+------------------------------------------------------+
; Parameter Name ; Value ; Type                                                 ;
+----------------+-------+------------------------------------------------------+
; larguradados   ; 4     ; Signed Integer                                       ;
+----------------+-------+------------------------------------------------------+
Note: In order to hide this table in the UI and the text report file, please set the "Show Parameter Settings in Synthesis Report" option in "Analysis and Synthesis Settings -> More Settings" to "Off".


+----------------------------------------------------+
; Port Connectivity Checks: "FlipFlop:FlipFlop_Key1" ;
+--------+-------+----------+------------------------+
; Port   ; Type  ; Severity ; Details                ;
+--------+-------+----------+------------------------+
; din    ; Input ; Info     ; Stuck at VCC           ;
; enable ; Input ; Info     ; Stuck at VCC           ;
+--------+-------+----------+------------------------+


+----------------------------------------------------+
; Port Connectivity Checks: "FlipFlop:FlipFlop_Key0" ;
+--------+-------+----------+------------------------+
; Port   ; Type  ; Severity ; Details                ;
+--------+-------+----------+------------------------+
; din    ; Input ; Info     ; Stuck at VCC           ;
; enable ; Input ; Info     ; Stuck at VCC           ;
+--------+-------+----------+------------------------+


+----------------------------------------------------------+
; Port Connectivity Checks: "conversorHex7Seg:HexDisplay5" ;
+----------+-------+----------+----------------------------+
; Port     ; Type  ; Severity ; Details                    ;
+----------+-------+----------+----------------------------+
; apaga    ; Input ; Info     ; Stuck at GND               ;
; negativo ; Input ; Info     ; Stuck at GND               ;
; overflow ; Input ; Info     ; Stuck at GND               ;
+----------+-------+----------+----------------------------+


+----------------------------------------------------------------------------------------------------------------+
; Port Connectivity Checks: "registradorGenerico:RegisterHEX5"                                                   ;
+------+--------+----------+-------------------------------------------------------------------------------------+
; Port ; Type   ; Severity ; Details                                                                             ;
+------+--------+----------+-------------------------------------------------------------------------------------+
; dout ; Output ; Info     ; Connected to dangling logic. Logic that only feeds a dangling port will be removed. ;
; rst  ; Input  ; Info     ; Stuck at GND                                                                        ;
+------+--------+----------+-------------------------------------------------------------------------------------+


+----------------------------------------------------------+
; Port Connectivity Checks: "conversorHex7Seg:HexDisplay4" ;
+----------+-------+----------+----------------------------+
; Port     ; Type  ; Severity ; Details                    ;
+----------+-------+----------+----------------------------+
; apaga    ; Input ; Info     ; Stuck at GND               ;
; negativo ; Input ; Info     ; Stuck at GND               ;
; overflow ; Input ; Info     ; Stuck at GND               ;
+----------+-------+----------+----------------------------+


+----------------------------------------------------------------------------------------------------------------+
; Port Connectivity Checks: "registradorGenerico:RegisterHEX4"                                                   ;
+------+--------+----------+-------------------------------------------------------------------------------------+
; Port ; Type   ; Severity ; Details                                                                             ;
+------+--------+----------+-------------------------------------------------------------------------------------+
; dout ; Output ; Info     ; Connected to dangling logic. Logic that only feeds a dangling port will be removed. ;
; rst  ; Input  ; Info     ; Stuck at GND                                                                        ;
+------+--------+----------+-------------------------------------------------------------------------------------+


+----------------------------------------------------------+
; Port Connectivity Checks: "conversorHex7Seg:HexDisplay3" ;
+----------+-------+----------+----------------------------+
; Port     ; Type  ; Severity ; Details                    ;
+----------+-------+----------+----------------------------+
; apaga    ; Input ; Info     ; Stuck at GND               ;
; negativo ; Input ; Info     ; Stuck at GND               ;
; overflow ; Input ; Info     ; Stuck at GND               ;
+----------+-------+----------+----------------------------+


+--------------------------------------------------------------+
; Port Connectivity Checks: "registradorGenerico:RegisterHEX3" ;
+------+-------+----------+------------------------------------+
; Port ; Type  ; Severity ; Details                            ;
+------+-------+----------+------------------------------------+
; rst  ; Input ; Info     ; Stuck at GND                       ;
+------+-------+----------+------------------------------------+


+----------------------------------------------------------+
; Port Connectivity Checks: "conversorHex7Seg:HexDisplay2" ;
+----------+-------+----------+----------------------------+
; Port     ; Type  ; Severity ; Details                    ;
+----------+-------+----------+----------------------------+
; apaga    ; Input ; Info     ; Stuck at GND               ;
; negativo ; Input ; Info     ; Stuck at GND               ;
; overflow ; Input ; Info     ; Stuck at GND               ;
+----------+-------+----------+----------------------------+


+--------------------------------------------------------------+
; Port Connectivity Checks: "registradorGenerico:RegisterHEX2" ;
+------+-------+----------+------------------------------------+
; Port ; Type  ; Severity ; Details                            ;
+------+-------+----------+------------------------------------+
; rst  ; Input ; Info     ; Stuck at GND                       ;
+------+-------+----------+------------------------------------+


+----------------------------------------------------------+
; Port Connectivity Checks: "conversorHex7Seg:HexDisplay1" ;
+----------+-------+----------+----------------------------+
; Port     ; Type  ; Severity ; Details                    ;
+----------+-------+----------+----------------------------+
; apaga    ; Input ; Info     ; Stuck at GND               ;
; negativo ; Input ; Info     ; Stuck at GND               ;
; overflow ; Input ; Info     ; Stuck at GND               ;
+----------+-------+----------+----------------------------+


+--------------------------------------------------------------+
; Port Connectivity Checks: "registradorGenerico:RegisterHEX1" ;
+------+-------+----------+------------------------------------+
; Port ; Type  ; Severity ; Details                            ;
+------+-------+----------+------------------------------------+
; rst  ; Input ; Info     ; Stuck at GND                       ;
+------+-------+----------+------------------------------------+


+----------------------------------------------------------+
; Port Connectivity Checks: "conversorHex7Seg:HexDisplay0" ;
+----------+-------+----------+----------------------------+
; Port     ; Type  ; Severity ; Details                    ;
+----------+-------+----------+----------------------------+
; apaga    ; Input ; Info     ; Stuck at GND               ;
; negativo ; Input ; Info     ; Stuck at GND               ;
; overflow ; Input ; Info     ; Stuck at GND               ;
+----------+-------+----------+----------------------------+


+--------------------------------------------------------------+
; Port Connectivity Checks: "registradorGenerico:RegisterHEX0" ;
+------+-------+----------+------------------------------------+
; Port ; Type  ; Severity ; Details                            ;
+------+-------+----------+------------------------------------+
; rst  ; Input ; Info     ; Stuck at GND                       ;
+------+-------+----------+------------------------------------+


+----------------------------------------------------------------+
; Port Connectivity Checks: "registradorGenerico:RegisterVector" ;
+------+-------+----------+--------------------------------------+
; Port ; Type  ; Severity ; Details                              ;
+------+-------+----------+--------------------------------------+
; rst  ; Input ; Info     ; Stuck at GND                         ;
+------+-------+----------+--------------------------------------+


+------------------------------------------------+
; Port Connectivity Checks: "FlipFlop:FlipFlop8" ;
+------+-------+----------+----------------------+
; Port ; Type  ; Severity ; Details              ;
+------+-------+----------+----------------------+
; rst  ; Input ; Info     ; Stuck at GND         ;
+------+-------+----------+----------------------+


+------------------------------------------------+
; Port Connectivity Checks: "FlipFlop:FlipFlop9" ;
+------+-------+----------+----------------------+
; Port ; Type  ; Severity ; Details              ;
+------+-------+----------+----------------------+
; rst  ; Input ; Info     ; Stuck at GND         ;
+------+-------+----------+----------------------+


+---------------------------------------------------------+
; Port Connectivity Checks: "cpu:CPU|FlipFlop:Flag_Equal" ;
+------+-------+----------+-------------------------------+
; Port ; Type  ; Severity ; Details                       ;
+------+-------+----------+-------------------------------+
; rst  ; Input ; Info     ; Stuck at GND                  ;
+------+-------+----------+-------------------------------+


+----------------------------------------------------------------+
; Port Connectivity Checks: "cpu:CPU|muxGenerico4x1:Mux_Prox_PC" ;
+--------------+-------+----------+------------------------------+
; Port         ; Type  ; Severity ; Details                      ;
+--------------+-------+----------+------------------------------+
; entrada3_mux ; Input ; Info     ; Stuck at GND                 ;
+--------------+-------+----------+------------------------------+


+---------------------------------------------------------------------+
; Port Connectivity Checks: "cpu:CPU|registradorGenerico:Reg_Retorno" ;
+------+-------+----------+-------------------------------------------+
; Port ; Type  ; Severity ; Details                                   ;
+------+-------+----------+-------------------------------------------+
; rst  ; Input ; Info     ; Stuck at GND                              ;
+------+-------+----------+-------------------------------------------+


+------------------------------------------------------------+
; Port Connectivity Checks: "cpu:CPU|registradorGenerico:PC" ;
+--------+-------+----------+--------------------------------+
; Port   ; Type  ; Severity ; Details                        ;
+--------+-------+----------+--------------------------------+
; enable ; Input ; Info     ; Stuck at VCC                   ;
+--------+-------+----------+--------------------------------+


+-----------------------------------------------------------------------------------------+
; Port Connectivity Checks: "cpu:CPU|blocoRegistrador:Bloco_Reg|registradorGenerico:REG3" ;
+------+-------+----------+---------------------------------------------------------------+
; Port ; Type  ; Severity ; Details                                                       ;
+------+-------+----------+---------------------------------------------------------------+
; rst  ; Input ; Info     ; Stuck at GND                                                  ;
+------+-------+----------+---------------------------------------------------------------+


+-----------------------------------------------------------------------------------------+
; Port Connectivity Checks: "cpu:CPU|blocoRegistrador:Bloco_Reg|registradorGenerico:REG2" ;
+------+-------+----------+---------------------------------------------------------------+
; Port ; Type  ; Severity ; Details                                                       ;
+------+-------+----------+---------------------------------------------------------------+
; rst  ; Input ; Info     ; Stuck at GND                                                  ;
+------+-------+----------+---------------------------------------------------------------+


+-----------------------------------------------------------------------------------------+
; Port Connectivity Checks: "cpu:CPU|blocoRegistrador:Bloco_Reg|registradorGenerico:REG1" ;
+------+-------+----------+---------------------------------------------------------------+
; Port ; Type  ; Severity ; Details                                                       ;
+------+-------+----------+---------------------------------------------------------------+
; rst  ; Input ; Info     ; Stuck at GND                                                  ;
+------+-------+----------+---------------------------------------------------------------+


+-----------------------------------------------------------------------------------------+
; Port Connectivity Checks: "cpu:CPU|blocoRegistrador:Bloco_Reg|registradorGenerico:REG0" ;
+------+-------+----------+---------------------------------------------------------------+
; Port ; Type  ; Severity ; Details                                                       ;
+------+-------+----------+---------------------------------------------------------------+
; rst  ; Input ; Info     ; Stuck at GND                                                  ;
+------+-------+----------+---------------------------------------------------------------+


+----------------------------------------------------------------+
; Port Connectivity Checks: "cpu:CPU|blocoRegistrador:Bloco_Reg" ;
+------+-------+----------+--------------------------------------+
; Port ; Type  ; Severity ; Details                              ;
+------+-------+----------+--------------------------------------+
; rst  ; Input ; Info     ; Stuck at GND                         ;
+------+-------+----------+--------------------------------------+


+-----------------------------------------------------------------------------------------------------------------------+
; Port Connectivity Checks: "blockDecoder:DECODER1|decoder3x8:DEC_BLOCK"                                                ;
+-------------+--------+----------+-------------------------------------------------------------------------------------+
; Port        ; Type   ; Severity ; Details                                                                             ;
+-------------+--------+----------+-------------------------------------------------------------------------------------+
; saida[7..6] ; Output ; Info     ; Connected to dangling logic. Logic that only feeds a dangling port will be removed. ;
; saida[3..1] ; Output ; Info     ; Connected to dangling logic. Logic that only feeds a dangling port will be removed. ;
+-------------+--------+----------+-------------------------------------------------------------------------------------+


+-----------------------------------------------------------------------------------------------------------------------+
; Port Connectivity Checks: "blockDecoder:DECODER1|decoder3x8:DEC_UNITY"                                                ;
+-------------+--------+----------+-------------------------------------------------------------------------------------+
; Port        ; Type   ; Severity ; Details                                                                             ;
+-------------+--------+----------+-------------------------------------------------------------------------------------+
; saida[7..6] ; Output ; Info     ; Connected to dangling logic. Logic that only feeds a dangling port will be removed. ;
+-------------+--------+----------+-------------------------------------------------------------------------------------+


+-----------------------------------------------------+
; Post-Synthesis Netlist Statistics for Top Partition ;
+-----------------------+-----------------------------+
; Type                  ; Count                       ;
+-----------------------+-----------------------------+
; arriav_ff             ; 8                           ;
;     CLR               ; 8                           ;
; arriav_lcell_comb     ; 24                          ;
;     arith             ; 8                           ;
;         1 data inputs ; 8                           ;
;     normal            ; 16                          ;
;         0 data inputs ; 2                           ;
;         4 data inputs ; 14                          ;
; boundary_port         ; 68                          ;
;                       ;                             ;
; Max LUT depth         ; 1.70                        ;
; Average LUT depth     ; 1.16                        ;
+-----------------------+-----------------------------+


+-------------------------------+
; Elapsed Time Per Partition    ;
+----------------+--------------+
; Partition Name ; Elapsed Time ;
+----------------+--------------+
; Top            ; 00:00:00     ;
+----------------+--------------+


+-------------------------------+
; Analysis & Synthesis Messages ;
+-------------------------------+
Info: *******************************************************************
Info: Running Quartus Prime Analysis & Synthesis
    Info: Version 20.1.0 Build 711 06/05/2020 SJ Lite Edition
    Info: Processing started: Thu Oct 12 15:17:53 2023
Info: Command: quartus_map --read_settings_files=on --write_settings_files=off projeto1 -c projeto1
Warning (18236): Number of processors has not been specified which may cause overloading on shared machines.  Set the global assignment NUM_PARALLEL_PROCESSORS in your QSF to an appropriate value for best performance.
Info (20030): Parallel compilation is enabled and will use 4 of the 4 processors detected
Info (12021): Found 2 design units, including 1 entities, in source file projeto1.vhd
    Info (12022): Found design unit 1: projeto1-arquitetura File: /home/victor/insper/6-sem/descomp/projeto1/projeto1.vhd Line: 29
    Info (12023): Found entity 1: projeto1 File: /home/victor/insper/6-sem/descomp/projeto1/projeto1.vhd Line: 4
Info (12021): Found 2 design units, including 1 entities, in source file cpu.vhd
    Info (12022): Found design unit 1: cpu-arquitetura File: /home/victor/insper/6-sem/descomp/projeto1/cpu.vhd Line: 26
    Info (12023): Found entity 1: cpu File: /home/victor/insper/6-sem/descomp/projeto1/cpu.vhd Line: 4
Info (12021): Found 2 design units, including 1 entities, in source file ULASomaSub.vhd
    Info (12022): Found design unit 1: ULASomaSub-comportamento File: /home/victor/insper/6-sem/descomp/projeto1/ULASomaSub.vhd Line: 15
    Info (12023): Found entity 1: ULASomaSub File: /home/victor/insper/6-sem/descomp/projeto1/ULASomaSub.vhd Line: 5
Info (12021): Found 2 design units, including 1 entities, in source file somaConstante.vhd
    Info (12022): Found design unit 1: somaConstante-comportamento File: /home/victor/insper/6-sem/descomp/projeto1/somaConstante.vhd Line: 18
    Info (12023): Found entity 1: somaConstante File: /home/victor/insper/6-sem/descomp/projeto1/somaConstante.vhd Line: 5
Info (12021): Found 2 design units, including 1 entities, in source file decoderGeneric.vhd
    Info (12022): Found design unit 1: decoderGeneric-comportamento File: /home/victor/insper/6-sem/descomp/projeto1/decoderGeneric.vhd Line: 10
    Info (12023): Found entity 1: decoderGeneric File: /home/victor/insper/6-sem/descomp/projeto1/decoderGeneric.vhd Line: 4
Info (12021): Found 2 design units, including 1 entities, in source file muxGenerico4x1.vhd
    Info (12022): Found design unit 1: muxGenerico4x1-comportamento File: /home/victor/insper/6-sem/descomp/projeto1/muxGenerico4x1.vhd Line: 14
    Info (12023): Found entity 1: muxGenerico4x1 File: /home/victor/insper/6-sem/descomp/projeto1/muxGenerico4x1.vhd Line: 4
Info (12021): Found 2 design units, including 1 entities, in source file logicaDesvio.vhd
    Info (12022): Found design unit 1: logicaDesvio-comportamento File: /home/victor/insper/6-sem/descomp/projeto1/logicaDesvio.vhd Line: 15
    Info (12023): Found entity 1: logicaDesvio File: /home/victor/insper/6-sem/descomp/projeto1/logicaDesvio.vhd Line: 4
Info (12021): Found 2 design units, including 1 entities, in source file muxGenerico2x1.vhd
    Info (12022): Found design unit 1: muxGenerico2x1-comportamento File: /home/victor/insper/6-sem/descomp/projeto1/muxGenerico2x1.vhd Line: 14
    Info (12023): Found entity 1: muxGenerico2x1 File: /home/victor/insper/6-sem/descomp/projeto1/muxGenerico2x1.vhd Line: 4
Info (12021): Found 2 design units, including 1 entities, in source file registradorGenerico.vhd
    Info (12022): Found design unit 1: registradorGenerico-comportamento File: /home/victor/insper/6-sem/descomp/projeto1/registradorGenerico.vhd Line: 15
    Info (12023): Found entity 1: registradorGenerico File: /home/victor/insper/6-sem/descomp/projeto1/registradorGenerico.vhd Line: 4
Info (12021): Found 3 design units, including 1 entities, in source file edgeDetector.vhd
    Info (12022): Found design unit 1: edgeDetector-bordaSubida File: /home/victor/insper/6-sem/descomp/projeto1/edgeDetector.vhd Line: 10
    Info (12022): Found design unit 2: edgeDetector-bordaDescida File: /home/victor/insper/6-sem/descomp/projeto1/edgeDetector.vhd Line: 23
    Info (12023): Found entity 1: edgeDetector File: /home/victor/insper/6-sem/descomp/projeto1/edgeDetector.vhd Line: 4
Info (12021): Found 2 design units, including 1 entities, in source file buffer_3_state_8portas.vhd
    Info (12022): Found design unit 1: buffer_3_state_8portas-comportamento File: /home/victor/insper/6-sem/descomp/projeto1/buffer_3_state_8portas.vhd Line: 11
    Info (12023): Found entity 1: buffer_3_state_8portas File: /home/victor/insper/6-sem/descomp/projeto1/buffer_3_state_8portas.vhd Line: 4
Info (12021): Found 2 design units, including 1 entities, in source file conversorHex7Seg.vhd
    Info (12022): Found design unit 1: conversorHex7Seg-comportamento File: /home/victor/insper/6-sem/descomp/projeto1/conversorHex7Seg.vhd Line: 17
    Info (12023): Found entity 1: conversorHex7Seg File: /home/victor/insper/6-sem/descomp/projeto1/conversorHex7Seg.vhd Line: 4
Info (12021): Found 2 design units, including 1 entities, in source file decoder3x8.vhd
    Info (12022): Found design unit 1: decoder3x8-comportamento File: /home/victor/insper/6-sem/descomp/projeto1/decoder3x8.vhd Line: 10
    Info (12023): Found entity 1: decoder3x8 File: /home/victor/insper/6-sem/descomp/projeto1/decoder3x8.vhd Line: 4
Info (12021): Found 2 design units, including 1 entities, in source file memoriaRAM.vhd
    Info (12022): Found design unit 1: memoriaRAM-rtl File: /home/victor/insper/6-sem/descomp/projeto1/memoriaRAM.vhd Line: 21
    Info (12023): Found entity 1: memoriaRAM File: /home/victor/insper/6-sem/descomp/projeto1/memoriaRAM.vhd Line: 5
Info (12021): Found 2 design units, including 1 entities, in source file blockDecoder.vhd
    Info (12022): Found design unit 1: blockDecoder-comportamento File: /home/victor/insper/6-sem/descomp/projeto1/blockDecoder.vhd Line: 35
    Info (12023): Found entity 1: blockDecoder File: /home/victor/insper/6-sem/descomp/projeto1/blockDecoder.vhd Line: 4
Info (12021): Found 2 design units, including 1 entities, in source file memoriaROM.vhd
    Info (12022): Found design unit 1: memoriaROM-assincrona File: /home/victor/insper/6-sem/descomp/projeto1/memoriaROM.vhd Line: 16
    Info (12023): Found entity 1: memoriaROM File: /home/victor/insper/6-sem/descomp/projeto1/memoriaROM.vhd Line: 5
Info (12021): Found 2 design units, including 1 entities, in source file flipflop.vhd
    Info (12022): Found design unit 1: FlipFlop-comportamento File: /home/victor/insper/6-sem/descomp/projeto1/flipflop.vhd Line: 13
    Info (12023): Found entity 1: FlipFlop File: /home/victor/insper/6-sem/descomp/projeto1/flipflop.vhd Line: 4
Info (12021): Found 2 design units, including 1 entities, in source file blocoRegistrador.vhd
    Info (12022): Found design unit 1: blocoRegistrador-comportamento File: /home/victor/insper/6-sem/descomp/projeto1/blocoRegistrador.vhd Line: 16
    Info (12023): Found entity 1: blocoRegistrador File: /home/victor/insper/6-sem/descomp/projeto1/blocoRegistrador.vhd Line: 4
Info (12127): Elaborating entity "projeto1" for the top level hierarchy
Warning (10036): Verilog HDL or VHDL warning at projeto1.vhd(72): object "encodedHex4" assigned a value but never read File: /home/victor/insper/6-sem/descomp/projeto1/projeto1.vhd Line: 72
Warning (10036): Verilog HDL or VHDL warning at projeto1.vhd(75): object "encodedHex5" assigned a value but never read File: /home/victor/insper/6-sem/descomp/projeto1/projeto1.vhd Line: 75
Info (12128): Elaborating entity "memoriaROM" for hierarchy "memoriaROM:ROM1" File: /home/victor/insper/6-sem/descomp/projeto1/projeto1.vhd Line: 112
Warning (10542): VHDL Variable Declaration warning at memoriaROM.vhd(34): used initial value expression for variable "tmp" because variable was never assigned a value File: /home/victor/insper/6-sem/descomp/projeto1/memoriaROM.vhd Line: 34
Info (12128): Elaborating entity "memoriaRAM" for hierarchy "memoriaRAM:RAM1" File: /home/victor/insper/6-sem/descomp/projeto1/projeto1.vhd Line: 116
Info (12128): Elaborating entity "blockDecoder" for hierarchy "blockDecoder:DECODER1" File: /home/victor/insper/6-sem/descomp/projeto1/projeto1.vhd Line: 125
Info (12128): Elaborating entity "decoder3x8" for hierarchy "blockDecoder:DECODER1|decoder3x8:DEC_UNITY" File: /home/victor/insper/6-sem/descomp/projeto1/blockDecoder.vhd Line: 46
Info (12128): Elaborating entity "cpu" for hierarchy "cpu:CPU" File: /home/victor/insper/6-sem/descomp/projeto1/projeto1.vhd Line: 154
Info (12128): Elaborating entity "muxGenerico2x1" for hierarchy "cpu:CPU|muxGenerico2x1:Mux_EntradaB_ULA" File: /home/victor/insper/6-sem/descomp/projeto1/cpu.vhd Line: 63
Info (12128): Elaborating entity "blocoRegistrador" for hierarchy "cpu:CPU|blocoRegistrador:Bloco_Reg" File: /home/victor/insper/6-sem/descomp/projeto1/cpu.vhd Line: 70
Info (12128): Elaborating entity "registradorGenerico" for hierarchy "cpu:CPU|blocoRegistrador:Bloco_Reg|registradorGenerico:REG0" File: /home/victor/insper/6-sem/descomp/projeto1/blocoRegistrador.vhd Line: 31
Info (12128): Elaborating entity "muxGenerico4x1" for hierarchy "cpu:CPU|blocoRegistrador:Bloco_Reg|muxGenerico4x1:MUX_DOUT" File: /home/victor/insper/6-sem/descomp/projeto1/blocoRegistrador.vhd Line: 59
Info (12128): Elaborating entity "registradorGenerico" for hierarchy "cpu:CPU|registradorGenerico:PC" File: /home/victor/insper/6-sem/descomp/projeto1/cpu.vhd Line: 79
Info (12128): Elaborating entity "somaConstante" for hierarchy "cpu:CPU|somaConstante:incrementa_PC" File: /home/victor/insper/6-sem/descomp/projeto1/cpu.vhd Line: 93
Info (12128): Elaborating entity "muxGenerico4x1" for hierarchy "cpu:CPU|muxGenerico4x1:Mux_Prox_PC" File: /home/victor/insper/6-sem/descomp/projeto1/cpu.vhd Line: 97
Info (12128): Elaborating entity "FlipFlop" for hierarchy "cpu:CPU|FlipFlop:Flag_Equal" File: /home/victor/insper/6-sem/descomp/projeto1/cpu.vhd Line: 105
Info (12128): Elaborating entity "logicaDesvio" for hierarchy "cpu:CPU|logicaDesvio:Deviation" File: /home/victor/insper/6-sem/descomp/projeto1/cpu.vhd Line: 112
Info (12128): Elaborating entity "ULASomaSub" for hierarchy "cpu:CPU|ULASomaSub:ULA" File: /home/victor/insper/6-sem/descomp/projeto1/cpu.vhd Line: 121
Info (12128): Elaborating entity "decoderGeneric" for hierarchy "cpu:CPU|decoderGeneric:Dec_Instruction" File: /home/victor/insper/6-sem/descomp/projeto1/cpu.vhd Line: 128
Info (12128): Elaborating entity "registradorGenerico" for hierarchy "registradorGenerico:RegisterHEX0" File: /home/victor/insper/6-sem/descomp/projeto1/projeto1.vhd Line: 186
Info (12128): Elaborating entity "conversorHex7Seg" for hierarchy "conversorHex7Seg:HexDisplay0" File: /home/victor/insper/6-sem/descomp/projeto1/projeto1.vhd Line: 193
Info (12128): Elaborating entity "buffer_3_state_8portas" for hierarchy "buffer_3_state_8portas:Buffer3State8" File: /home/victor/insper/6-sem/descomp/projeto1/projeto1.vhd Line: 270
Info (12129): Elaborating entity "edgeDetector" using architecture "A:bordasubida" for hierarchy "edgeDetector:detectorKey0" File: /home/victor/insper/6-sem/descomp/projeto1/projeto1.vhd Line: 275
Info (276014): Found 1 instances of uninferred RAM logic
    Info (276007): RAM logic "memoriaRAM:RAM1|ram" is uninferred due to asynchronous read logic File: /home/victor/insper/6-sem/descomp/projeto1/memoriaRAM.vhd Line: 27
Warning (13046): Tri-state node(s) do not directly drive top-level pin(s)
    Warning (13048): Converted tri-state node "Data_In[7]" into a selector File: /home/victor/insper/6-sem/descomp/projeto1/muxGenerico2x1.vhd Line: 10
    Warning (13048): Converted tri-state node "Data_In[6]" into a selector File: /home/victor/insper/6-sem/descomp/projeto1/muxGenerico2x1.vhd Line: 10
    Warning (13048): Converted tri-state node "Data_In[5]" into a selector File: /home/victor/insper/6-sem/descomp/projeto1/muxGenerico2x1.vhd Line: 10
    Warning (13048): Converted tri-state node "Data_In[4]" into a selector File: /home/victor/insper/6-sem/descomp/projeto1/muxGenerico2x1.vhd Line: 10
    Warning (13048): Converted tri-state node "Data_In[3]" into a selector File: /home/victor/insper/6-sem/descomp/projeto1/muxGenerico2x1.vhd Line: 10
    Warning (13048): Converted tri-state node "Data_In[2]" into a selector File: /home/victor/insper/6-sem/descomp/projeto1/muxGenerico2x1.vhd Line: 10
    Warning (13048): Converted tri-state node "Data_In[1]" into a selector File: /home/victor/insper/6-sem/descomp/projeto1/muxGenerico2x1.vhd Line: 10
    Warning (13048): Converted tri-state node "Data_In[0]" into a selector File: /home/victor/insper/6-sem/descomp/projeto1/muxGenerico2x1.vhd Line: 10
Warning (13024): Output pins are stuck at VCC or GND
    Warning (13410): Pin "LEDR[0]" is stuck at GND File: /home/victor/insper/6-sem/descomp/projeto1/projeto1.vhd Line: 17
    Warning (13410): Pin "LEDR[1]" is stuck at GND File: /home/victor/insper/6-sem/descomp/projeto1/projeto1.vhd Line: 17
    Warning (13410): Pin "LEDR[2]" is stuck at GND File: /home/victor/insper/6-sem/descomp/projeto1/projeto1.vhd Line: 17
    Warning (13410): Pin "LEDR[3]" is stuck at GND File: /home/victor/insper/6-sem/descomp/projeto1/projeto1.vhd Line: 17
    Warning (13410): Pin "LEDR[4]" is stuck at GND File: /home/victor/insper/6-sem/descomp/projeto1/projeto1.vhd Line: 17
    Warning (13410): Pin "LEDR[5]" is stuck at GND File: /home/victor/insper/6-sem/descomp/projeto1/projeto1.vhd Line: 17
    Warning (13410): Pin "LEDR[6]" is stuck at GND File: /home/victor/insper/6-sem/descomp/projeto1/projeto1.vhd Line: 17
    Warning (13410): Pin "LEDR[7]" is stuck at GND File: /home/victor/insper/6-sem/descomp/projeto1/projeto1.vhd Line: 17
    Warning (13410): Pin "LEDR[8]" is stuck at GND File: /home/victor/insper/6-sem/descomp/projeto1/projeto1.vhd Line: 17
    Warning (13410): Pin "LEDR[9]" is stuck at GND File: /home/victor/insper/6-sem/descomp/projeto1/projeto1.vhd Line: 17
    Warning (13410): Pin "HEX0[0]" is stuck at GND File: /home/victor/insper/6-sem/descomp/projeto1/projeto1.vhd Line: 19
    Warning (13410): Pin "HEX0[1]" is stuck at GND File: /home/victor/insper/6-sem/descomp/projeto1/projeto1.vhd Line: 19
    Warning (13410): Pin "HEX0[2]" is stuck at GND File: /home/victor/insper/6-sem/descomp/projeto1/projeto1.vhd Line: 19
    Warning (13410): Pin "HEX0[3]" is stuck at GND File: /home/victor/insper/6-sem/descomp/projeto1/projeto1.vhd Line: 19
    Warning (13410): Pin "HEX0[4]" is stuck at GND File: /home/victor/insper/6-sem/descomp/projeto1/projeto1.vhd Line: 19
    Warning (13410): Pin "HEX0[5]" is stuck at GND File: /home/victor/insper/6-sem/descomp/projeto1/projeto1.vhd Line: 19
    Warning (13410): Pin "HEX0[6]" is stuck at VCC File: /home/victor/insper/6-sem/descomp/projeto1/projeto1.vhd Line: 19
    Warning (13410): Pin "HEX1[0]" is stuck at GND File: /home/victor/insper/6-sem/descomp/projeto1/projeto1.vhd Line: 20
    Warning (13410): Pin "HEX1[1]" is stuck at GND File: /home/victor/insper/6-sem/descomp/projeto1/projeto1.vhd Line: 20
    Warning (13410): Pin "HEX1[2]" is stuck at GND File: /home/victor/insper/6-sem/descomp/projeto1/projeto1.vhd Line: 20
    Warning (13410): Pin "HEX1[3]" is stuck at GND File: /home/victor/insper/6-sem/descomp/projeto1/projeto1.vhd Line: 20
    Warning (13410): Pin "HEX1[4]" is stuck at GND File: /home/victor/insper/6-sem/descomp/projeto1/projeto1.vhd Line: 20
    Warning (13410): Pin "HEX1[5]" is stuck at GND File: /home/victor/insper/6-sem/descomp/projeto1/projeto1.vhd Line: 20
    Warning (13410): Pin "HEX1[6]" is stuck at VCC File: /home/victor/insper/6-sem/descomp/projeto1/projeto1.vhd Line: 20
    Warning (13410): Pin "HEX2[0]" is stuck at GND File: /home/victor/insper/6-sem/descomp/projeto1/projeto1.vhd Line: 21
    Warning (13410): Pin "HEX2[1]" is stuck at GND File: /home/victor/insper/6-sem/descomp/projeto1/projeto1.vhd Line: 21
    Warning (13410): Pin "HEX2[2]" is stuck at GND File: /home/victor/insper/6-sem/descomp/projeto1/projeto1.vhd Line: 21
    Warning (13410): Pin "HEX2[3]" is stuck at GND File: /home/victor/insper/6-sem/descomp/projeto1/projeto1.vhd Line: 21
    Warning (13410): Pin "HEX2[4]" is stuck at GND File: /home/victor/insper/6-sem/descomp/projeto1/projeto1.vhd Line: 21
    Warning (13410): Pin "HEX2[5]" is stuck at GND File: /home/victor/insper/6-sem/descomp/projeto1/projeto1.vhd Line: 21
    Warning (13410): Pin "HEX2[6]" is stuck at VCC File: /home/victor/insper/6-sem/descomp/projeto1/projeto1.vhd Line: 21
    Warning (13410): Pin "HEX3[0]" is stuck at GND File: /home/victor/insper/6-sem/descomp/projeto1/projeto1.vhd Line: 22
    Warning (13410): Pin "HEX3[1]" is stuck at GND File: /home/victor/insper/6-sem/descomp/projeto1/projeto1.vhd Line: 22
    Warning (13410): Pin "HEX3[2]" is stuck at GND File: /home/victor/insper/6-sem/descomp/projeto1/projeto1.vhd Line: 22
    Warning (13410): Pin "HEX3[3]" is stuck at GND File: /home/victor/insper/6-sem/descomp/projeto1/projeto1.vhd Line: 22
    Warning (13410): Pin "HEX3[4]" is stuck at GND File: /home/victor/insper/6-sem/descomp/projeto1/projeto1.vhd Line: 22
    Warning (13410): Pin "HEX3[5]" is stuck at GND File: /home/victor/insper/6-sem/descomp/projeto1/projeto1.vhd Line: 22
    Warning (13410): Pin "HEX3[6]" is stuck at VCC File: /home/victor/insper/6-sem/descomp/projeto1/projeto1.vhd Line: 22
Info (286030): Timing-Driven Synthesis is running
Info (17049): 6 registers lost all their fanouts during netlist optimizations.
Info (16010): Generating hard_block partition "hard_block:auto_generated_inst"
    Info (16011): Adding 0 node(s), including 0 DDIO, 0 PLL, 0 transceiver and 0 LCELL
Warning (21074): Design contains 14 input pin(s) that do not drive logic
    Warning (15610): No output dependent on input pin "CLOCK_50" File: /home/victor/insper/6-sem/descomp/projeto1/projeto1.vhd Line: 12
    Warning (15610): No output dependent on input pin "KEY[1]" File: /home/victor/insper/6-sem/descomp/projeto1/projeto1.vhd Line: 14
    Warning (15610): No output dependent on input pin "KEY[2]" File: /home/victor/insper/6-sem/descomp/projeto1/projeto1.vhd Line: 14
    Warning (15610): No output dependent on input pin "KEY[3]" File: /home/victor/insper/6-sem/descomp/projeto1/projeto1.vhd Line: 14
    Warning (15610): No output dependent on input pin "SW[0]" File: /home/victor/insper/6-sem/descomp/projeto1/projeto1.vhd Line: 15
    Warning (15610): No output dependent on input pin "SW[1]" File: /home/victor/insper/6-sem/descomp/projeto1/projeto1.vhd Line: 15
    Warning (15610): No output dependent on input pin "SW[2]" File: /home/victor/insper/6-sem/descomp/projeto1/projeto1.vhd Line: 15
    Warning (15610): No output dependent on input pin "SW[3]" File: /home/victor/insper/6-sem/descomp/projeto1/projeto1.vhd Line: 15
    Warning (15610): No output dependent on input pin "SW[4]" File: /home/victor/insper/6-sem/descomp/projeto1/projeto1.vhd Line: 15
    Warning (15610): No output dependent on input pin "SW[5]" File: /home/victor/insper/6-sem/descomp/projeto1/projeto1.vhd Line: 15
    Warning (15610): No output dependent on input pin "SW[6]" File: /home/victor/insper/6-sem/descomp/projeto1/projeto1.vhd Line: 15
    Warning (15610): No output dependent on input pin "SW[7]" File: /home/victor/insper/6-sem/descomp/projeto1/projeto1.vhd Line: 15
    Warning (15610): No output dependent on input pin "SW[8]" File: /home/victor/insper/6-sem/descomp/projeto1/projeto1.vhd Line: 15
    Warning (15610): No output dependent on input pin "SW[9]" File: /home/victor/insper/6-sem/descomp/projeto1/projeto1.vhd Line: 15
Info (21057): Implemented 90 device resources after synthesis - the final resource count might be different
    Info (21058): Implemented 16 input pins
    Info (21059): Implemented 52 output pins
    Info (21061): Implemented 22 logic cells
Info: Quartus Prime Analysis & Synthesis was successful. 0 errors, 67 warnings
    Info: Peak virtual memory: 504 megabytes
    Info: Processing ended: Thu Oct 12 15:17:59 2023
    Info: Elapsed time: 00:00:06
    Info: Total CPU time (on all processors): 00:00:15


